[2021-11-10 03:11:49.890] [exthost] [info] Extension host with pid 13041 started
[2021-11-10 03:11:50.864] [exthost] [info] ExtensionService#_doActivateExtension vscode.microsoft-authentication, startup: false, activationEvent: 'onAuthenticationRequest:microsoft'
[2021-11-10 03:11:51.020] [exthost] [info] ExtensionService#_doActivateExtension vscode.debug-auto-launch, startup: true, activationEvent: '*'
[2021-11-10 03:11:51.035] [exthost] [info] ExtensionService#_doActivateExtension vscode.git, startup: true, activationEvent: '*', root cause: vscode.github
[2021-11-10 03:11:51.319] [exthost] [info] ExtensionService#_doActivateExtension KnisterPeter.vscode-github, startup: true, activationEvent: '*'
[2021-11-10 03:11:53.021] [exthost] [info] ExtensionService#_doActivateExtension vscode.github, startup: true, activationEvent: '*'
[2021-11-10 03:11:53.321] [exthost] [info] Eager extensions activated
[2021-11-10 03:11:53.478] [exthost] [info] ExtensionService#_doActivateExtension vscode.github-authentication, startup: false, activationEvent: 'onAuthenticationRequest:github'
[2021-11-10 03:11:53.577] [exthost] [info] ExtensionService#_doActivateExtension vscode.merge-conflict, startup: false, activationEvent: 'onStartupFinished'
[2021-11-10 03:12:10.747] [exthost] [info] extension host terminating: renderer closed the socket
[2021-11-10 03:12:11.753] [exthost] [info] Extension host with pid 13041 exiting with code 0
[2021-11-10 03:12:15.424] [exthost] [info] Extension host with pid 13123 started
[2021-11-10 03:12:15.424] [exthost] [info] Skipping acquiring lock for /home/carlos/Desktop/proyectos/Nodejs/~/.vscode-root/User/workspaceStorage/1c1d94e167c1a070c1ddcc51240076ca.
[2021-11-10 03:12:15.838] [exthost] [info] ExtensionService#_doActivateExtension vscode.microsoft-authentication, startup: false, activationEvent: 'onAuthenticationRequest:microsoft'
[2021-11-10 03:12:15.864] [exthost] [info] ExtensionService#_doActivateExtension vscode.debug-auto-launch, startup: true, activationEvent: '*'
[2021-11-10 03:12:15.876] [exthost] [info] ExtensionService#_doActivateExtension vscode.git, startup: true, activationEvent: '*', root cause: vscode.github
[2021-11-10 03:12:15.917] [exthost] [info] ExtensionService#_doActivateExtension vscode.npm, startup: true, activationEvent: 'workspaceContains:package.json'
[2021-11-10 03:12:16.280] [exthost] [info] ExtensionService#_doActivateExtension KnisterPeter.vscode-github, startup: false, activationEvent: '*'
[2021-11-10 03:12:16.736] [exthost] [info] ExtensionService#_doActivateExtension vscode.github, startup: true, activationEvent: '*'
[2021-11-10 03:12:17.051] [exthost] [info] ExtensionService#_doActivateExtension vscode.github-authentication, startup: false, activationEvent: 'onAuthenticationRequest:github'
[2021-11-10 03:12:17.120] [exthost] [info] Eager extensions activated
[2021-11-10 03:12:17.352] [exthost] [warning] [Decorations] CAPPING events from decorations provider vscode.git 364
[2021-11-10 03:12:17.795] [exthost] [info] ExtensionService#_doActivateExtension vscode.merge-conflict, startup: false, activationEvent: 'onStartupFinished'
[2021-11-10 03:13:06.128] [exthost] [info] extension host terminating: renderer closed the socket
[2021-11-10 03:13:07.181] [exthost] [info] Extension host with pid 13123 exiting with code 0
[2021-11-10 03:13:13.396] [exthost] [info] Extension host with pid 13210 started
[2021-11-10 03:13:13.396] [exthost] [info] Skipping acquiring lock for /home/carlos/Desktop/proyectos/Nodejs/~/.vscode-root/User/workspaceStorage/2a55dfc7ba07ca376a53a70eaa9d13bf.
[2021-11-10 03:13:13.834] [exthost] [info] ExtensionService#_doActivateExtension vscode.microsoft-authentication, startup: false, activationEvent: 'onAuthenticationRequest:microsoft'
[2021-11-10 03:13:13.883] [exthost] [info] ExtensionService#_doActivateExtension vscode.debug-auto-launch, startup: true, activationEvent: '*'
[2021-11-10 03:13:13.907] [exthost] [info] ExtensionService#_doActivateExtension vscode.git, startup: true, activationEvent: '*', root cause: vscode.github
[2021-11-10 03:13:14.031] [exthost] [info] ExtensionService#_doActivateExtension KnisterPeter.vscode-github, startup: true, activationEvent: '*'
[2021-11-10 03:13:15.591] [exthost] [info] ExtensionService#_doActivateExtension vscode.github, startup: true, activationEvent: '*'
[2021-11-10 03:13:15.859] [exthost] [info] ExtensionService#_doActivateExtension vscode.github-authentication, startup: false, activationEvent: 'onAuthenticationRequest:github'
[2021-11-10 03:13:15.923] [exthost] [info] Eager extensions activated
[2021-11-10 03:13:16.122] [exthost] [info] ExtensionService#_doActivateExtension vscode.merge-conflict, startup: false, activationEvent: 'onStartupFinished'
[2021-11-10 03:13:22.976] [exthost] [info] extension host terminating: renderer closed the socket
[2021-11-10 03:13:23.986] [exthost] [info] Extension host with pid 13210 exiting with code 0
[2021-11-10 03:13:30.284] [exthost] [info] Extension host with pid 13283 started
[2021-11-10 03:13:30.284] [exthost] [info] Skipping acquiring lock for /home/carlos/Desktop/proyectos/Nodejs/~/.vscode-root/User/workspaceStorage/1ad8aaa9e3cd8cf62b64573bb3e51912.
[2021-11-10 03:13:31.024] [exthost] [info] ExtensionService#_doActivateExtension vscode.microsoft-authentication, startup: false, activationEvent: 'onAuthenticationRequest:microsoft'
[2021-11-10 03:13:31.068] [exthost] [info] ExtensionService#_doActivateExtension vscode.debug-auto-launch, startup: true, activationEvent: '*'
[2021-11-10 03:13:31.088] [exthost] [info] ExtensionService#_doActivateExtension vscode.git, startup: true, activationEvent: '*', root cause: vscode.github
[2021-11-10 03:13:31.156] [exthost] [info] ExtensionService#_doActivateExtension KnisterPeter.vscode-github, startup: true, activationEvent: '*'
[2021-11-10 03:13:32.496] [exthost] [info] ExtensionService#_doActivateExtension vscode.github, startup: true, activationEvent: '*'
[2021-11-10 03:13:32.665] [exthost] [info] ExtensionService#_doActivateExtension vscode.github-authentication, startup: false, activationEvent: 'onAuthenticationRequest:github'
[2021-11-10 03:13:32.746] [exthost] [info] Eager extensions activated
[2021-11-10 03:13:33.078] [exthost] [info] ExtensionService#_doActivateExtension vscode.merge-conflict, startup: false, activationEvent: 'onStartupFinished'
[2021-11-10 03:14:22.782] [exthost] [info] ExtensionService#_doActivateExtension vscode.css-language-features, startup: false, activationEvent: 'onLanguage:css'
[2021-11-10 03:14:22.962] [exthost] [info] ExtensionService#_doActivateExtension vscode.emmet, startup: false, activationEvent: 'onLanguage:css'
[2021-11-10 03:14:57.601] [exthost] [info] ExtensionService#_doActivateExtension vscode.configuration-editing, startup: false, activationEvent: 'onLanguage:json'
[2021-11-10 03:14:57.620] [exthost] [info] ExtensionService#_doActivateExtension vscode.extension-editing, startup: false, activationEvent: 'onLanguage:json'
[2021-11-10 03:14:57.750] [exthost] [info] ExtensionService#_doActivateExtension vscode.json-language-features, startup: false, activationEvent: 'onLanguage:json'
[2021-11-10 03:14:58.173] [exthost] [info] ExtensionService#_doActivateExtension vscode.npm, startup: false, activationEvent: 'onLanguage:json'
[2021-11-10 03:15:36.129] [exthost] [info] ExtensionService#_doActivateExtension vscode.html-language-features, startup: false, activationEvent: 'onLanguage:html'
[2021-11-10 03:18:57.057] [exthost] [info] ExtensionService#_doActivateExtension vscode.typescript-language-features, startup: false, activationEvent: 'onLanguage:jsonc'
[2021-11-10 03:30:12.260] [exthost] [warning] [Decorations] CAPPING events from decorations provider vscode.git 623
[2021-11-10 03:30:19.732] [exthost] [warning] [Decorations] CAPPING events from decorations provider vscode.git 1403
[2021-11-10 03:31:09.018] [exthost] [warning] [Decorations] CAPPING events from decorations provider vscode.git 780
[2021-11-10 03:33:42.218] [exthost] [warning] [Decorations] CAPPING events from decorations provider vscode.git 780
[2021-11-10 03:33:47.339] [exthost] [warning] [Decorations] CAPPING events from decorations provider vscode.git 780
[2021-11-10 03:35:00.626] [exthost] [warning] [Decorations] CAPPING events from decorations provider vscode.git 780
[2021-11-10 03:35:06.290] [exthost] [warning] [Decorations] CAPPING events from decorations provider vscode.git 780
[2021-11-10 03:35:11.388] [exthost] [warning] [Decorations] CAPPING events from decorations provider vscode.git 780
[2021-11-10 03:35:19.205] [exthost] [warning] [Decorations] CAPPING events from decorations provider vscode.git 780
[2021-11-10 03:35:24.298] [exthost] [warning] [Decorations] CAPPING events from decorations provider vscode.git 780
[2021-11-10 03:40:17.793] [exthost] [warning] [Decorations] CAPPING events from decorations provider vscode.git 780
[2021-11-10 03:42:13.464] [exthost] [warning] [Decorations] CAPPING events from decorations provider vscode.git 780
[2021-11-10 03:42:27.289] [exthost] [warning] [Decorations] CAPPING events from decorations provider vscode.git 780
[2021-11-10 03:42:58.610] [exthost] [warning] [Decorations] CAPPING events from decorations provider vscode.git 780
[2021-11-10 03:43:52.253] [exthost] [warning] [Decorations] CAPPING events from decorations provider vscode.git 780
[2021-11-10 03:58:40.174] [exthost] [error] [vscode.json-language-features] provider FAILED
[2021-11-10 03:58:40.178] [exthost] [error] Canceled: Canceled
	at b.makeCancelError (/snap/code/80/usr/share/code/resources/app/extensions/json-language-features/client/dist/node/jsonClientMain.js:1:458291)
	at b.handleFailedRequest (/snap/code/80/usr/share/code/resources/app/extensions/json-language-features/client/dist/node/jsonClientMain.js:1:458142)
	at /snap/code/80/usr/share/code/resources/app/extensions/json-language-features/client/dist/node/jsonClientMain.js:1:418357
	at async d.provideHover (/snap/code/80/usr/share/code/resources/app/out/vs/workbench/services/extensions/node/extensionHostProcess.js:94:170516)
[2021-11-10 03:58:57.014] [exthost] [warning] [Decorations] CAPPING events from decorations provider vscode.git 780
[2021-11-10 03:59:17.033] [exthost] [warning] [Decorations] CAPPING events from decorations provider vscode.git 780
[2021-11-10 03:59:32.120] [exthost] [warning] [Decorations] CAPPING events from decorations provider vscode.git 780
[2021-11-10 03:59:45.830] [exthost] [warning] [Decorations] CAPPING events from decorations provider vscode.git 780
[2021-11-10 03:59:51.104] [exthost] [warning] [Decorations] CAPPING events from decorations provider vscode.git 780
[2021-11-10 04:05:09.417] [exthost] [warning] [Decorations] CAPPING events from decorations provider vscode.git 780
[2021-11-10 04:08:16.852] [exthost] [warning] [Decorations] CAPPING events from decorations provider vscode.git 780
[2021-11-10 04:08:28.026] [exthost] [warning] [Decorations] CAPPING events from decorations provider vscode.git 780
[2021-11-10 04:20:56.998] [exthost] [warning] [Decorations] CAPPING events from decorations provider vscode.git 780
[2021-11-10 04:21:55.390] [exthost] [warning] [Decorations] CAPPING events from decorations provider vscode.git 780
[2021-11-10 04:23:26.723] [exthost] [warning] [Decorations] CAPPING events from decorations provider vscode.git 780
[2021-11-10 04:23:37.274] [exthost] [warning] [Decorations] CAPPING events from decorations provider vscode.git 780
[2021-11-10 04:24:23.138] [exthost] [warning] [Decorations] CAPPING events from decorations provider vscode.git 780
[2021-11-10 04:25:18.010] [exthost] [warning] [Decorations] CAPPING events from decorations provider vscode.git 780
[2021-11-10 04:25:23.140] [exthost] [warning] [Decorations] CAPPING events from decorations provider vscode.git 780
[2021-11-10 04:25:58.535] [exthost] [warning] [Decorations] CAPPING events from decorations provider vscode.git 780
[2021-11-10 04:26:29.955] [exthost] [warning] [Decorations] CAPPING events from decorations provider vscode.git 780
[2021-11-10 04:27:27.771] [exthost] [warning] [Decorations] CAPPING events from decorations provider vscode.git 780
[2021-11-10 04:27:37.215] [exthost] [warning] [Decorations] CAPPING events from decorations provider vscode.git 780
[2021-11-10 04:27:53.985] [exthost] [warning] [Decorations] CAPPING events from decorations provider vscode.git 780
[2021-11-10 04:29:53.811] [exthost] [warning] [Decorations] CAPPING events from decorations provider vscode.git 780
[2021-11-10 04:30:27.044] [exthost] [warning] [Decorations] CAPPING events from decorations provider vscode.git 780
[2021-11-10 04:31:13.865] [exthost] [warning] [Decorations] CAPPING events from decorations provider vscode.git 780
[2021-11-10 04:31:19.688] [exthost] [warning] [Decorations] CAPPING events from decorations provider vscode.git 780
[2021-11-10 04:33:13.890] [exthost] [warning] [Decorations] CAPPING events from decorations provider vscode.git 780
[2021-11-10 04:34:21.059] [exthost] [warning] [Decorations] CAPPING events from decorations provider vscode.git 780
[2021-11-10 04:34:33.373] [exthost] [warning] [Decorations] CAPPING events from decorations provider vscode.git 780
[2021-11-10 04:35:28.051] [exthost] [warning] [Decorations] CAPPING events from decorations provider vscode.git 780
[2021-11-10 04:35:39.523] [exthost] [warning] [Decorations] CAPPING events from decorations provider vscode.git 780
[2021-11-10 04:35:59.511] [exthost] [warning] [Decorations] CAPPING events from decorations provider vscode.git 780
[2021-11-10 04:36:37.871] [exthost] [warning] [Decorations] CAPPING events from decorations provider vscode.git 780
[2021-11-10 04:37:47.088] [exthost] [warning] [Decorations] CAPPING events from decorations provider vscode.git 780
[2021-11-10 04:39:42.857] [exthost] [warning] [Decorations] CAPPING events from decorations provider vscode.git 780
[2021-11-10 04:39:48.140] [exthost] [warning] [Decorations] CAPPING events from decorations provider vscode.git 780
[2021-11-10 04:40:12.386] [exthost] [warning] [Decorations] CAPPING events from decorations provider vscode.git 780
[2021-11-10 04:40:45.071] [exthost] [warning] [Decorations] CAPPING events from decorations provider vscode.git 780
[2021-11-10 04:40:55.091] [exthost] [warning] [Decorations] CAPPING events from decorations provider vscode.git 780
[2021-11-10 04:42:49.750] [exthost] [warning] [Decorations] CAPPING events from decorations provider vscode.git 780
[2021-11-10 04:43:17.268] [exthost] [warning] [Decorations] CAPPING events from decorations provider vscode.git 780
[2021-11-10 04:44:23.444] [exthost] [warning] [Decorations] CAPPING events from decorations provider vscode.git 780
[2021-11-10 04:44:51.385] [exthost] [warning] [Decorations] CAPPING events from decorations provider vscode.git 780
[2021-11-10 04:44:57.497] [exthost] [warning] [Decorations] CAPPING events from decorations provider vscode.git 780
[2021-11-10 04:45:07.953] [exthost] [warning] [Decorations] CAPPING events from decorations provider vscode.git 780
[2021-11-10 04:46:15.067] [exthost] [warning] [Decorations] CAPPING events from decorations provider vscode.git 780
[2021-11-10 04:46:38.806] [exthost] [warning] [Decorations] CAPPING events from decorations provider vscode.git 780
[2021-11-10 04:46:47.259] [exthost] [warning] [Decorations] CAPPING events from decorations provider vscode.git 780
[2021-11-10 04:47:46.988] [exthost] [warning] [Decorations] CAPPING events from decorations provider vscode.git 780
[2021-11-10 04:48:15.183] [exthost] [warning] [Decorations] CAPPING events from decorations provider vscode.git 780
[2021-11-10 04:48:35.168] [exthost] [warning] [Decorations] CAPPING events from decorations provider vscode.git 780
[2021-11-10 04:48:40.269] [exthost] [warning] [Decorations] CAPPING events from decorations provider vscode.git 780
[2021-11-10 04:48:51.983] [exthost] [warning] [Decorations] CAPPING events from decorations provider vscode.git 780
[2021-11-10 04:59:28.304] [exthost] [warning] [Decorations] CAPPING events from decorations provider vscode.git 780
[2021-11-10 05:00:27.515] [exthost] [warning] [Decorations] CAPPING events from decorations provider vscode.git 780
[2021-11-10 05:01:39.441] [exthost] [warning] [Decorations] CAPPING events from decorations provider vscode.git 780
[2021-11-10 05:02:23.784] [exthost] [warning] [Decorations] CAPPING events from decorations provider vscode.git 780
[2021-11-10 05:03:03.873] [exthost] [warning] [Decorations] CAPPING events from decorations provider vscode.git 780
[2021-11-10 05:04:34.577] [exthost] [warning] [Decorations] CAPPING events from decorations provider vscode.git 780
[2021-11-10 05:04:39.683] [exthost] [warning] [Decorations] CAPPING events from decorations provider vscode.git 780
[2021-11-10 05:05:49.104] [exthost] [warning] [Decorations] CAPPING events from decorations provider vscode.git 780
[2021-11-10 05:05:54.252] [exthost] [warning] [Decorations] CAPPING events from decorations provider vscode.git 780
[2021-11-10 05:07:30.169] [exthost] [warning] [Decorations] CAPPING events from decorations provider vscode.git 780
[2021-11-10 05:07:46.328] [exthost] [warning] [Decorations] CAPPING events from decorations provider vscode.git 780
[2021-11-10 05:12:47.916] [exthost] [warning] [Decorations] CAPPING events from decorations provider vscode.git 780
[2021-11-10 05:14:15.345] [exthost] [warning] [Decorations] CAPPING events from decorations provider vscode.git 780
[2021-11-10 05:16:40.494] [exthost] [warning] [Decorations] CAPPING events from decorations provider vscode.git 780
[2021-11-10 05:17:01.654] [exthost] [warning] [Decorations] CAPPING events from decorations provider vscode.git 780
[2021-11-10 05:19:31.479] [exthost] [warning] [Decorations] CAPPING events from decorations provider vscode.git 780
[2021-11-10 05:20:19.459] [exthost] [warning] [Decorations] CAPPING events from decorations provider vscode.git 780
[2021-11-10 05:23:18.496] [exthost] [warning] [Decorations] CAPPING events from decorations provider vscode.git 780
[2021-11-10 05:24:10.393] [exthost] [warning] [Decorations] CAPPING events from decorations provider vscode.git 780
[2021-11-10 05:24:27.777] [exthost] [warning] [Decorations] CAPPING events from decorations provider vscode.git 780
[2021-11-10 05:31:41.024] [exthost] [warning] [Decorations] CAPPING events from decorations provider vscode.git 780
[2021-11-10 05:35:18.275] [exthost] [warning] [Decorations] CAPPING events from decorations provider vscode.git 780
[2021-11-10 05:37:02.660] [exthost] [warning] [Decorations] CAPPING events from decorations provider vscode.git 780
[2021-11-10 05:37:07.838] [exthost] [warning] [Decorations] CAPPING events from decorations provider vscode.git 780
[2021-11-10 05:37:59.444] [exthost] [warning] [Decorations] CAPPING events from decorations provider vscode.git 780
[2021-11-10 05:51:17.723] [exthost] [warning] [Decorations] CAPPING events from decorations provider vscode.git 780
[2021-11-10 05:51:22.848] [exthost] [warning] [Decorations] CAPPING events from decorations provider vscode.git 780
[2021-11-10 05:54:16.607] [exthost] [warning] [Decorations] CAPPING events from decorations provider vscode.git 780
[2021-11-10 05:54:32.633] [exthost] [warning] [Decorations] CAPPING events from decorations provider vscode.git 780
[2021-11-10 05:54:43.030] [exthost] [warning] [Decorations] CAPPING events from decorations provider vscode.git 780
[2021-11-10 05:54:52.710] [exthost] [warning] [Decorations] CAPPING events from decorations provider vscode.git 780
[2021-11-10 06:04:37.300] [exthost] [warning] [Decorations] CAPPING events from decorations provider vscode.git 780
